
/home/runner/work/exp-review-of-block-codes-iiith/exp-review-of-block-codes-iiith/experiment/simulation/js/dimension_linear_block.js
   75:5   warning  'MathJax' is not defined                                  no-undef
   96:10  warning  'yesValidGeneratorMatrix' is defined but never used       no-unused-vars
  106:13  warning  'rateQuestion' is not defined                             no-undef
  118:10  warning  'notValidGeneratorMatrix' is defined but never used       no-unused-vars
  121:11  warning  'isGeneratorQuestion' is assigned a value but never used  no-unused-vars
  143:10  warning  'checkRate' is defined but never used                     no-unused-vars
  144:11  warning  'dimensionEntered' is assigned a value but never used     no-unused-vars

/home/runner/work/exp-review-of-block-codes-iiith/exp-review-of-block-codes-iiith/experiment/simulation/js/encoding.js
    9:10  warning  'toggleBit' is defined but never used          no-unused-vars
   15:10  warning  'toggleCodewordBit' is defined but never used  no-unused-vars
   21:10  warning  'toggleReceivedBit' is defined but never used  no-unused-vars
   27:10  warning  'display' is defined but never used            no-unused-vars
   40:10  warning  'initial' is defined but never used            no-unused-vars
   43:11  warning  'form1' is assigned a value but never used     no-unused-vars
   50:5   warning  'cTransmitted' is not defined                  no-undef
   51:5   warning  'decodedEntered' is not defined                no-undef
   55:5   warning  'part3' is not defined                         no-undef
   56:5   warning  'part4' is not defined                         no-undef
   64:5   warning  'form3' is not defined                         no-undef
   65:5   warning  'form4' is not defined                         no-undef
   69:10  warning  'check' is defined but never used              no-unused-vars
   72:11  warning  'obs' is assigned a value but never used       no-unused-vars
  109:10  warning  'transmit' is defined but never used           no-unused-vars
  113:11  warning  'obs' is assigned a value but never used       no-unused-vars
  135:5   warning  'part1' is not defined                         no-undef
  136:5   warning  'part2' is not defined                         no-undef
  137:5   warning  'part3' is not defined                         no-undef
  138:5   warning  'part4' is not defined                         no-undef
  141:10  warning  'checkReceived' is defined but never used      no-unused-vars
  164:5   warning  'isCorrect' is not defined                     no-undef
  167:13  warning  'isCorrect' is not defined                     no-undef
  169:10  warning  Unnecessary semicolon                          no-extra-semi
  172:29  warning  'isCorrect' is not defined                     no-undef
  174:9   warning  'isCorrect' is not defined                     no-undef

/home/runner/work/exp-review-of-block-codes-iiith/exp-review-of-block-codes-iiith/experiment/simulation/js/minimum_distance.js
    1:5   warning  'm1' is defined but never used                             no-unused-vars
    1:9   warning  'm2' is defined but never used                             no-unused-vars
    1:13  warning  'm3' is defined but never used                             no-unused-vars
    5:5   warning  'receivedCodewordBits' is assigned a value but never used  no-unused-vars
    9:10  warning  'toggleBit' is defined but never used                      no-unused-vars
   15:10  warning  'toggleCodewordBit' is defined but never used              no-unused-vars
   21:10  warning  'initial' is defined but never used                        no-unused-vars
   47:10  warning  'submitCodeword' is defined but never used                 no-unused-vars
   70:10  warning  Unnecessary semicolon                                      no-extra-semi
   82:10  warning  Unnecessary semicolon                                      no-extra-semi
  128:9   warning  'part1' is not defined                                     no-undef
  129:9   warning  'part2' is not defined                                     no-undef
  134:10  warning  'checkMinimumDistance' is defined but never used           no-unused-vars

✖ 46 problems (0 errors, 46 warnings)
  0 errors and 3 warnings potentially fixable with the `--fix` option.

